2024-05-29 04:28:17.742 [info] Started initializing default profile extensions in extensions installation folder. file:///home/martin/.vscode/extensions
2024-05-29 04:28:18.086 [warning] Failed to create default profile extensions manifest in extensions installation folder. file:///home/martin/.vscode/extensions Unable to create file 'vscode-userdata:/home/martin/.vscode/extensions/extensions.json' that already exists when overwrite flag is not set
2024-05-29 04:28:18.087 [info] Completed initializing default profile extensions in extensions installation folder. file:///home/martin/.vscode/extensions
2024-05-29 04:28:18.361 [error] [uncaught exception in sharedProcess]: Error: ENOENT: no such file or directory, stat '/home/martin/.vscode/extensions/extensions.json.vsctmp': EntryNotFound (FileSystemError): Error: ENOENT: no such file or directory, stat '/home/martin/.vscode/extensions/extensions.json.vsctmp'
    at a.create (/snap/code/159/usr/share/code/resources/app/out/vs/code/node/sharedProcess/sharedProcessMain.js:53:30019)
    at b (/snap/code/159/usr/share/code/resources/app/out/vs/code/node/sharedProcess/sharedProcessMain.js:53:30130)
    at t.hb (/snap/code/159/usr/share/code/resources/app/out/vs/code/node/sharedProcess/sharedProcessMain.js:58:36600)
    at t.stat (/snap/code/159/usr/share/code/resources/app/out/vs/code/node/sharedProcess/sharedProcessMain.js:58:29040)
    at async $.stat (/snap/code/159/usr/share/code/resources/app/out/vs/code/node/sharedProcess/sharedProcessMain.js:58:16186)
    at async J.sb (/snap/code/159/usr/share/code/resources/app/out/vs/code/node/sharedProcess/sharedProcessMain.js:104:109501)
2024-05-29 06:01:30.748 [info] Getting Manifest... ritwickdey.liveserver
2024-05-29 06:01:30.800 [info] Installing extension: ritwickdey.liveserver
2024-05-29 06:01:45.567 [info] Extension signature verification result for ritwickdey.liveserver: Success. Duration: 9098ms.
2024-05-29 06:02:12.473 [info] Extracted extension to file:///home/martin/.vscode/extensions/ritwickdey.liveserver-5.7.9: ritwickdey.liveserver
2024-05-29 06:02:12.497 [info] Renamed to /home/martin/.vscode/extensions/ritwickdey.liveserver-5.7.9
2024-05-29 06:02:12.523 [info] Extracting extension completed. ritwickdey.liveserver
2024-05-29 06:02:12.585 [info] Extension installed successfully: ritwickdey.liveserver
2024-05-29 06:02:12.678 [error] [uncaught exception in sharedProcess]: Error: ENOENT: no such file or directory, stat '/home/martin/.vscode/extensions/extensions.json.vsctmp': EntryNotFound (FileSystemError): Error: ENOENT: no such file or directory, stat '/home/martin/.vscode/extensions/extensions.json.vsctmp'
    at a.create (/snap/code/159/usr/share/code/resources/app/out/vs/code/node/sharedProcess/sharedProcessMain.js:53:30019)
    at b (/snap/code/159/usr/share/code/resources/app/out/vs/code/node/sharedProcess/sharedProcessMain.js:53:30130)
    at t.hb (/snap/code/159/usr/share/code/resources/app/out/vs/code/node/sharedProcess/sharedProcessMain.js:58:36600)
    at t.stat (/snap/code/159/usr/share/code/resources/app/out/vs/code/node/sharedProcess/sharedProcessMain.js:58:29040)
    at async $.stat (/snap/code/159/usr/share/code/resources/app/out/vs/code/node/sharedProcess/sharedProcessMain.js:58:16186)
    at async J.sb (/snap/code/159/usr/share/code/resources/app/out/vs/code/node/sharedProcess/sharedProcessMain.js:104:109501)
