2024-05-29 07:25:15.246 [info] Reading sessions from keychain...
2024-05-29 07:25:15.246 [info] Getting sessions for all scopes...
2024-05-29 07:25:15.246 [info] Getting sessions for all scopes...
2024-05-29 07:25:15.246 [info] Getting sessions for all scopes...
2024-05-29 07:25:15.246 [info] Got 0 sessions for ...
2024-05-29 07:25:15.246 [info] Got 0 sessions for ...
2024-05-29 07:25:15.246 [info] Got 0 sessions for ...
2024-05-29 07:25:15.489 [info] Getting sessions for read:user,repo,user:email,workflow...
2024-05-29 07:25:15.490 [info] Got 0 sessions for read:user,repo,user:email,workflow...
2024-05-29 09:21:11.918 [info] Getting sessions for read:user,repo,user:email,workflow...
2024-05-29 09:21:11.919 [info] Got 0 sessions for read:user,repo,user:email,workflow...
2024-05-29 09:21:18.402 [info] Logging in for the following scopes: read:user repo user:email workflow
2024-05-29 09:21:18.453 [info] Trying without local server... (read:user repo user:email workflow)
2024-05-29 09:21:28.264 [info] Exchanging code for token...
2024-05-29 09:21:29.077 [info] Token exchange success!
2024-05-29 09:21:29.083 [info] Getting user info...
2024-05-29 09:21:29.929 [info] Got account info!
2024-05-29 09:21:29.931 [info] Storing 1 sessions...
2024-05-29 09:21:29.944 [info] Reading sessions from keychain...
2024-05-29 09:21:29.944 [info] Stored 1 sessions!
2024-05-29 09:21:29.945 [info] Login success!
2024-05-29 09:21:30.100 [info] Got stored sessions!
2024-05-29 09:21:30.101 [info] Got 1 verified sessions.
2024-05-29 09:21:30.876 [info] Getting sessions for read:user,repo,user:email,workflow...
2024-05-29 09:21:30.877 [info] Got 1 sessions for read:user,repo,user:email,workflow...
