0 verbose cli /usr/local/bin/node /usr/local/bin/npm
1 info using npm@10.5.2
2 info using node@v20.13.1
3 timing npm:load:whichnode Completed in 4ms
4 timing config:load:defaults Completed in 5ms
5 timing config:load:file:/usr/local/lib/node_modules/npm/npmrc Completed in 2ms
6 timing config:load:builtin Completed in 2ms
7 timing config:load:cli Completed in 10ms
8 timing config:load:env Completed in 1ms
9 timing config:load:file:/home/martin/.cache/typescript/5.4/.npmrc Completed in 1ms
10 timing config:load:project Completed in 7ms
11 timing config:load:file:/home/martin/.npmrc Completed in 1ms
12 timing config:load:user Completed in 1ms
13 timing config:load:file:/usr/local/etc/npmrc Completed in 1ms
14 timing config:load:global Completed in 1ms
15 timing config:load:setEnvs Completed in 4ms
16 timing config:load Completed in 33ms
17 timing npm:load:configload Completed in 34ms
18 timing config:load:flatten Completed in 8ms
19 timing npm:load:mkdirpcache Completed in 1ms
20 timing npm:load:mkdirplogs Completed in 0ms
21 verbose title npm install types-registry@latest
22 verbose argv "install" "--ignore-scripts" "types-registry@latest"
23 timing npm:load:setTitle Completed in 2ms
24 timing npm:load:display Completed in 2ms
25 verbose logfile logs-max:10 dir:/home/martin/.npm/_logs/2024-05-29T04_28_05_400Z-
26 verbose logfile /home/martin/.npm/_logs/2024-05-29T04_28_05_400Z-debug-0.log
27 timing npm:load:logFile Completed in 8ms
28 timing npm:load:timers Completed in 1ms
29 timing npm:load:configScope Completed in 0ms
30 timing npm:load Completed in 121ms
31 timing arborist:ctor Completed in 2ms
32 silly logfile done cleaning log files
33 timing arborist:ctor Completed in 1ms
34 timing idealTree:init Completed in 41ms
35 http fetch GET 200 https://registry.npmjs.org/npm 1164ms
36 http fetch GET 200 https://registry.npmjs.org/types-registry 1066ms (cache miss)
37 timing idealTree:userRequests Completed in 1086ms
38 silly idealTree buildDeps
39 silly fetch manifest types-registry@0.1.685
40 silly placeDep ROOT types-registry@0.1.685 OK for:  want: 0.1.685
41 timing idealTree:#root Completed in 20ms
42 timing idealTree:node_modules/types-registry Completed in 0ms
43 timing idealTree:buildDeps Completed in 24ms
44 timing idealTree:fixDepFlags Completed in 1ms
45 timing idealTree Completed in 1156ms
46 timing reify:loadTrees Completed in 1160ms
47 timing reify:diffTrees Completed in 3ms
48 silly reify moves {}
49 timing reify:retireShallow Completed in 5ms
50 timing reify:createSparse Completed in 3ms
51 timing reify:loadBundles Completed in 0ms
52 silly audit bulk request { 'types-registry': [ '0.1.685' ] }
53 silly tarball no local data for types-registry@https://registry.npmjs.org/types-registry/-/types-registry-0.1.685.tgz. Extracting by manifest.
54 http fetch POST 200 https://registry.npmjs.org/-/npm/v1/security/advisories/bulk 436ms
55 timing auditReport:getReport Completed in 440ms
56 silly audit report {}
57 timing auditReport:init Completed in 0ms
58 timing reify:audit Completed in 443ms
59 http fetch GET 200 https://registry.npmjs.org/types-registry/-/types-registry-0.1.685.tgz 428ms (cache miss)
60 timing reifyNode:node_modules/types-registry Completed in 451ms
61 timing reify:unpack Completed in 452ms
62 timing reify:unretire Completed in 1ms
63 timing build:queue Completed in 1ms
64 timing build:deps Completed in 2ms
65 timing build Completed in 2ms
66 timing reify:build Completed in 3ms
67 timing reify:trash Completed in 0ms
68 timing reify:save Completed in 14ms
69 timing reify Completed in 1899ms
70 silly ADD node_modules/types-registry
71 timing command:install Completed in 1916ms
72 notice
72 notice New minor version of npm available! 10.5.2 -> 10.8.0
72 notice Changelog: <https://github.com/npm/cli/releases/tag/v10.8.0>
72 notice Run `npm install -g npm@10.8.0` to update!
72 notice
73 verbose exit 0
74 timing npm Completed in 3194ms
75 info ok
