2024-05-29 07:24:31.600 [info] Log level: Info
2024-05-29 07:24:31.600 [info] Validating found git in: "git"
2024-05-29 07:24:31.600 [info] Using git "2.34.1" from "git"
2024-05-29 07:24:31.614 [info] > git rev-parse --show-toplevel [64ms]
2024-05-29 07:24:31.686 [info] > git rev-parse --git-dir --git-common-dir [30ms]
2024-05-29 07:24:31.731 [info] Open repository: /home/martin
2024-05-29 07:24:31.967 [info] > git rev-parse --show-toplevel [75ms]
2024-05-29 07:24:31.974 [info] > git config --get commit.template [139ms]
2024-05-29 07:24:32.082 [info] > git rev-parse --show-toplevel [49ms]
2024-05-29 07:24:32.127 [info] > git for-each-ref --format=%(refname)%00%(upstream:short)%00%(objectname)%00%(upstream:track)%00%(upstream:remotename)%00%(upstream:remoteref) refs/heads/master refs/remotes/master [57ms]
2024-05-29 07:24:32.208 [info] > git rev-parse --show-toplevel [84ms]
2024-05-29 07:24:32.352 [info] > git rev-parse --show-toplevel [102ms]
2024-05-29 07:24:32.569 [info] > git rev-parse --show-toplevel [77ms]
2024-05-29 07:24:32.636 [info] > git rev-parse --show-toplevel [33ms]
2024-05-29 07:24:32.679 [info] > git rev-parse --show-toplevel [7ms]
2024-05-29 07:24:32.716 [info] > git rev-parse --show-toplevel [7ms]
2024-05-29 07:24:32.745 [info] > git rev-parse --show-toplevel [11ms]
2024-05-29 07:24:32.774 [info] > git rev-parse --show-toplevel [10ms]
2024-05-29 07:24:32.808 [info] > git rev-parse --show-toplevel [14ms]
2024-05-29 07:24:32.839 [info] > git rev-parse --show-toplevel [12ms]
2024-05-29 07:24:32.874 [info] > git rev-parse --show-toplevel [17ms]
2024-05-29 07:24:33.024 [info] > git rev-parse --show-toplevel [114ms]
2024-05-29 07:24:33.058 [info] > git rev-parse --show-toplevel [11ms]
2024-05-29 07:24:33.226 [info] > git check-ignore -v -z --stdin [102ms]
2024-05-29 07:24:34.639 [info] > git status -z -uall [2438ms] (cancelled)
2024-05-29 07:24:38.258 [info] > git show --textconv :Kawasaki.html [58ms]
2024-05-29 07:24:38.337 [info] > git ls-files --stage -- /home/martin/Kawasaki.html [86ms]
2024-05-29 07:25:11.159 [info] > git config --get commit.template [9ms]
2024-05-29 07:25:11.198 [info] > git for-each-ref --format=%(refname)%00%(upstream:short)%00%(objectname)%00%(upstream:track)%00%(upstream:remotename)%00%(upstream:remoteref) refs/heads/master refs/remotes/master [5ms]
2024-05-29 07:25:15.224 [info] > git status -z -uall [4013ms] (cancelled)
2024-05-29 07:26:57.029 [info] > git show --textconv :Kawasaki.css [53ms]
2024-05-29 07:26:57.055 [info] > git ls-files --stage -- /home/martin/Kawasaki.css [43ms]
2024-05-29 07:28:06.739 [info] > git check-ignore -v -z --stdin [15ms]
2024-05-29 07:28:16.451 [info] > git check-ignore -v -z --stdin [29ms]
2024-05-29 07:28:16.705 [info] > git show --textconv :Kawasaki.js [32ms]
2024-05-29 07:28:16.726 [info] > git ls-files --stage -- /home/martin/Kawasaki.js [25ms]
2024-05-29 07:28:34.106 [info] > git show --textconv :Kawasaki.html [30ms]
2024-05-29 07:28:34.120 [info] > git ls-files --stage -- /home/martin/Kawasaki.html [21ms]
2024-05-29 07:30:53.603 [info] > git show --textconv :Kawasaki.css [21ms]
2024-05-29 07:30:53.615 [info] > git ls-files --stage -- /home/martin/Kawasaki.css [14ms]
2024-05-29 07:34:49.343 [info] > git show --textconv :Kawasaki.html [49ms]
2024-05-29 07:34:49.360 [info] > git ls-files --stage -- /home/martin/Kawasaki.html [20ms]
2024-05-29 07:34:57.286 [info] > git show --textconv :Kawasaki.css [38ms]
2024-05-29 07:34:57.308 [info] > git ls-files --stage -- /home/martin/Kawasaki.css [22ms]
2024-05-29 07:37:11.614 [info] > git show --textconv :Kawasaki.html [40ms]
2024-05-29 07:37:11.650 [info] > git ls-files --stage -- /home/martin/Kawasaki.html [48ms]
2024-05-29 07:37:16.095 [info] > git show --textconv :Kawasaki.css [63ms]
2024-05-29 07:37:16.148 [info] > git ls-files --stage -- /home/martin/Kawasaki.css [58ms]
2024-05-29 07:44:28.251 [info] > git show --textconv :Kawasaki.html [48ms]
2024-05-29 07:44:28.263 [info] > git ls-files --stage -- /home/martin/Kawasaki.html [27ms]
2024-05-29 07:46:39.963 [info] > git show --textconv :Kawasaki.css [37ms]
2024-05-29 07:46:39.981 [info] > git ls-files --stage -- /home/martin/Kawasaki.css [21ms]
2024-05-29 07:48:03.360 [info] > git show --textconv :Kawasaki.html [46ms]
2024-05-29 07:48:03.378 [info] > git ls-files --stage -- /home/martin/Kawasaki.html [28ms]
2024-05-29 07:48:11.263 [info] > git show --textconv :Kawasaki.css [25ms]
2024-05-29 07:48:11.280 [info] > git ls-files --stage -- /home/martin/Kawasaki.css [19ms]
2024-05-29 07:48:45.678 [info] > git show --textconv :Kawasaki.html [42ms]
2024-05-29 07:48:45.694 [info] > git ls-files --stage -- /home/martin/Kawasaki.html [26ms]
2024-05-29 07:48:53.822 [info] > git show --textconv :Kawasaki.css [38ms]
2024-05-29 07:48:53.836 [info] > git ls-files --stage -- /home/martin/Kawasaki.css [19ms]
2024-05-29 07:53:27.722 [info] > git show --textconv :Kawasaki.html [48ms]
2024-05-29 07:53:27.743 [info] > git ls-files --stage -- /home/martin/Kawasaki.html [24ms]
2024-05-29 07:53:47.071 [info] > git show --textconv :Kawasaki.css [23ms]
2024-05-29 07:53:47.084 [info] > git ls-files --stage -- /home/martin/Kawasaki.css [17ms]
2024-05-29 07:54:30.124 [info] > git show --textconv :Kawasaki.html [29ms]
2024-05-29 07:54:30.137 [info] > git ls-files --stage -- /home/martin/Kawasaki.html [20ms]
2024-05-29 07:59:10.724 [info] > git check-ignore -v -z --stdin [20ms]
2024-05-29 07:59:13.683 [info] > git check-ignore -v -z --stdin [20ms]
2024-05-29 07:59:34.102 [info] > git check-ignore -v -z --stdin [47ms]
2024-05-29 08:00:17.490 [info] > git show --textconv :Kawasaki.css [45ms]
2024-05-29 08:00:17.520 [info] > git ls-files --stage -- /home/martin/Kawasaki.css [32ms]
2024-05-29 08:02:02.690 [info] > git show --textconv :Kawasaki.html [37ms]
2024-05-29 08:02:02.711 [info] > git ls-files --stage -- /home/martin/Kawasaki.html [26ms]
2024-05-29 08:02:04.318 [info] > git show --textconv :Kawasaki.css [30ms]
2024-05-29 08:02:04.335 [info] > git ls-files --stage -- /home/martin/Kawasaki.css [19ms]
2024-05-29 08:02:13.913 [info] > git show --textconv :Kawasaki.html [32ms]
2024-05-29 08:02:13.931 [info] > git ls-files --stage -- /home/martin/Kawasaki.html [22ms]
2024-05-29 08:02:16.056 [info] > git show --textconv :Kawasaki.css [119ms]
2024-05-29 08:02:16.058 [info] > git show --textconv :Kawasaki.html [38ms]
2024-05-29 08:02:16.072 [info] > git ls-files --stage -- /home/martin/Kawasaki.css [95ms]
2024-05-29 08:02:16.088 [info] > git ls-files --stage -- /home/martin/Kawasaki.html [39ms]
2024-05-29 08:16:46.473 [info] > git show --textconv :Kawasaki.js [40ms]
2024-05-29 08:16:46.497 [info] > git ls-files --stage -- /home/martin/Kawasaki.js [31ms]
2024-05-29 08:32:39.188 [info] > git show --textconv :Kawasaki.css [29ms]
2024-05-29 08:32:39.200 [info] > git ls-files --stage -- /home/martin/Kawasaki.css [19ms]
2024-05-29 08:33:05.893 [info] > git show --textconv :Kawasaki.js [48ms]
2024-05-29 08:33:05.914 [info] > git ls-files --stage -- /home/martin/Kawasaki.js [28ms]
2024-05-29 08:35:42.111 [info] > git show --textconv :Kawasaki.css [30ms]
2024-05-29 08:35:42.127 [info] > git ls-files --stage -- /home/martin/Kawasaki.css [18ms]
2024-05-29 08:36:30.657 [info] > git show --textconv :Kawasaki.js [36ms]
2024-05-29 08:36:30.664 [info] > git ls-files --stage -- /home/martin/Kawasaki.js [17ms]
2024-05-29 08:53:18.631 [info] > git for-each-ref --format=%(refname)%00%(upstream:short)%00%(objectname)%00%(upstream:track)%00%(upstream:remotename)%00%(upstream:remoteref) refs/heads/master [6ms]
2024-05-29 08:53:18.664 [info] > git for-each-ref --format=%(refname)%00%(upstream:short)%00%(objectname)%00%(upstream:track)%00%(upstream:remotename)%00%(upstream:remoteref) refs/heads/master [10ms]
2024-05-29 08:53:18.706 [info] > git config --local branch.master.vscode-merge-base [9ms]
2024-05-29 08:53:18.706 [warning] git config failed: Failed to execute git
2024-05-29 08:53:18.742 [info] > git reflog refs/heads/master --grep-reflog=branch: Created from *. [15ms]
2024-05-29 08:53:18.772 [info] > git symbolic-ref --short refs/remotes/origin/HEAD [10ms]
2024-05-29 08:53:18.773 [info] fatal: ref refs/remotes/origin/HEAD is not a symbolic ref
2024-05-29 08:53:18.773 [info] GitHistoryProvider:resolveHistoryItemGroupBase - Failed to resolve history item group base for 'refs/heads/master'
2024-05-29 08:53:18.773 [info] GitHistoryProvider:resolveHistoryItemGroupCommonAncestor - Failed to resolve history item group base for 'refs/heads/master'
2024-05-29 08:53:19.994 [info] > git for-each-ref --format=%(refname)%00%(upstream:short)%00%(objectname)%00%(upstream:track)%00%(upstream:remotename)%00%(upstream:remoteref) refs/heads/master [14ms]
2024-05-29 08:53:20.035 [info] > git for-each-ref --format=%(refname)%00%(upstream:short)%00%(objectname)%00%(upstream:track)%00%(upstream:remotename)%00%(upstream:remoteref) refs/heads/master [9ms]
2024-05-29 08:53:20.071 [info] > git config --local branch.master.vscode-merge-base [15ms]
2024-05-29 08:53:20.071 [warning] git config failed: Failed to execute git
2024-05-29 08:53:20.105 [info] > git reflog refs/heads/master --grep-reflog=branch: Created from *. [12ms]
2024-05-29 08:53:20.136 [info] > git symbolic-ref --short refs/remotes/origin/HEAD [10ms]
2024-05-29 08:53:20.137 [info] fatal: ref refs/remotes/origin/HEAD is not a symbolic ref
2024-05-29 08:53:20.137 [info] GitHistoryProvider:resolveHistoryItemGroupBase - Failed to resolve history item group base for 'refs/heads/master'
2024-05-29 08:53:20.137 [info] GitHistoryProvider:resolveHistoryItemGroupCommonAncestor - Failed to resolve history item group base for 'refs/heads/master'
2024-05-29 08:53:20.631 [info] > git check-ignore -v -z --stdin [41ms]
2024-05-29 08:53:44.794 [info] > git check-ignore -v -z --stdin [33ms]
2024-05-29 08:53:46.491 [info] > git check-ignore -v -z --stdin [68ms]
2024-05-29 08:53:47.165 [info] > git check-ignore -v -z --stdin [35ms]
2024-05-29 08:53:48.798 [info] > git check-ignore -v -z --stdin [68ms]
2024-05-29 08:53:49.872 [info] > git check-ignore -v -z --stdin [60ms]
2024-05-29 08:53:50.761 [info] > git check-ignore -v -z --stdin [54ms]
2024-05-29 08:54:17.376 [info] > git for-each-ref --format=%(refname)%00%(upstream:short)%00%(objectname)%00%(upstream:track)%00%(upstream:remotename)%00%(upstream:remoteref) refs/heads/master [30ms]
2024-05-29 08:54:17.423 [info] > git for-each-ref --format=%(refname)%00%(upstream:short)%00%(objectname)%00%(upstream:track)%00%(upstream:remotename)%00%(upstream:remoteref) refs/heads/master [12ms]
2024-05-29 08:54:17.456 [info] > git config --local branch.master.vscode-merge-base [5ms]
2024-05-29 08:54:17.456 [warning] git config failed: Failed to execute git
2024-05-29 08:54:17.498 [info] > git reflog refs/heads/master --grep-reflog=branch: Created from *. [17ms]
2024-05-29 08:54:17.526 [info] > git symbolic-ref --short refs/remotes/origin/HEAD [10ms]
2024-05-29 08:54:17.526 [info] fatal: ref refs/remotes/origin/HEAD is not a symbolic ref
2024-05-29 08:54:17.526 [info] GitHistoryProvider:resolveHistoryItemGroupBase - Failed to resolve history item group base for 'refs/heads/master'
2024-05-29 08:54:17.526 [info] GitHistoryProvider:resolveHistoryItemGroupCommonAncestor - Failed to resolve history item group base for 'refs/heads/master'
2024-05-29 08:54:17.989 [info] > git for-each-ref --format=%(refname)%00%(upstream:short)%00%(objectname)%00%(upstream:track)%00%(upstream:remotename)%00%(upstream:remoteref) refs/heads/master [7ms]
2024-05-29 08:54:18.030 [info] > git for-each-ref --format=%(refname)%00%(upstream:short)%00%(objectname)%00%(upstream:track)%00%(upstream:remotename)%00%(upstream:remoteref) refs/heads/master [14ms]
2024-05-29 08:54:18.081 [info] > git config --local branch.master.vscode-merge-base [11ms]
2024-05-29 08:54:18.081 [warning] git config failed: Failed to execute git
2024-05-29 08:54:18.132 [info] > git reflog refs/heads/master --grep-reflog=branch: Created from *. [23ms]
2024-05-29 08:54:18.213 [info] > git symbolic-ref --short refs/remotes/origin/HEAD [8ms]
2024-05-29 08:54:18.213 [info] fatal: ref refs/remotes/origin/HEAD is not a symbolic ref
2024-05-29 08:54:18.213 [info] GitHistoryProvider:resolveHistoryItemGroupBase - Failed to resolve history item group base for 'refs/heads/master'
2024-05-29 08:54:18.213 [info] GitHistoryProvider:resolveHistoryItemGroupCommonAncestor - Failed to resolve history item group base for 'refs/heads/master'
