2024-05-29 04:28:28.426 [info] Log level: Info
2024-05-29 04:28:28.426 [info] Validating found git in: "git"
2024-05-29 04:28:28.426 [info] Using git "2.34.1" from "git"
2024-05-29 04:28:28.426 [info] > git rev-parse --show-toplevel [10ms]
2024-05-29 04:28:28.428 [info] > git rev-parse --git-dir --git-common-dir [3ms]
2024-05-29 04:28:28.447 [info] Open repository: /home/martin
2024-05-29 04:28:28.469 [info] > git rev-parse --show-toplevel [3ms]
2024-05-29 04:28:28.470 [info] > git config --get commit.template [12ms]
2024-05-29 04:28:28.490 [info] > git for-each-ref --format=%(refname)%00%(upstream:short)%00%(objectname)%00%(upstream:track)%00%(upstream:remotename)%00%(upstream:remoteref) refs/heads/master refs/remotes/master [3ms]
2024-05-29 04:28:28.496 [info] > git rev-parse --show-toplevel [17ms]
2024-05-29 04:28:28.511 [info] > git rev-parse --show-toplevel [1ms]
2024-05-29 04:28:28.545 [info] > git rev-parse --show-toplevel [16ms]
2024-05-29 04:28:28.558 [info] > git rev-parse --show-toplevel [3ms]
2024-05-29 04:28:28.568 [info] > git rev-parse --show-toplevel [2ms]
2024-05-29 04:28:28.642 [info] > git status -z -uall [147ms] (cancelled)
2024-05-29 04:28:29.038 [info] > git check-ignore -v -z --stdin [36ms]
2024-05-29 04:28:38.986 [info] > git config --get commit.template [3ms]
2024-05-29 04:28:39.006 [info] > git for-each-ref --format=%(refname)%00%(upstream:short)%00%(objectname)%00%(upstream:track)%00%(upstream:remotename)%00%(upstream:remoteref) refs/heads/master refs/remotes/master [4ms]
2024-05-29 04:28:40.989 [info] > git status -z -uall [1976ms] (cancelled)
2024-05-29 04:29:02.103 [info] > git check-ignore -v -z --stdin [19ms]
2024-05-29 04:29:04.809 [info] > git check-ignore -v -z --stdin [21ms]
2024-05-29 04:30:21.462 [info] > git check-ignore -v -z --stdin [18ms]
2024-05-29 04:30:25.466 [info] > git show --textconv :Kawasaki.html [11ms]
2024-05-29 04:30:25.472 [info] > git ls-files --stage -- /home/martin/Kawasaki.html [7ms]
2024-05-29 04:30:25.532 [info] > git check-ignore -v -z --stdin [9ms]
2024-05-29 04:31:10.020 [info] > git check-ignore -v -z --stdin [13ms]
2024-05-29 04:31:10.125 [info] > git show --textconv :Kawasaki.css [20ms]
2024-05-29 04:31:10.136 [info] > git ls-files --stage -- /home/martin/Kawasaki.css [15ms]
2024-05-29 04:32:22.902 [info] > git show --textconv :Kawasaki.html [28ms]
2024-05-29 04:32:22.904 [info] > git ls-files --stage -- /home/martin/Kawasaki.html [10ms]
2024-05-29 04:36:30.699 [info] > git check-ignore -v -z --stdin [5ms]
2024-05-29 04:52:25.928 [info] > git check-ignore -v -z --stdin [7ms]
2024-05-29 06:00:15.657 [info] > git show --textconv :Kawasaki.css [72ms]
2024-05-29 06:00:15.683 [info] > git ls-files --stage -- /home/martin/Kawasaki.css [30ms]
2024-05-29 06:00:52.869 [info] > git show --textconv :Kawasaki.html [44ms]
2024-05-29 06:00:52.895 [info] > git ls-files --stage -- /home/martin/Kawasaki.html [29ms]
2024-05-29 06:02:00.173 [info] > git show --textconv :Kawasaki.html [50ms]
2024-05-29 06:02:00.207 [info] > git ls-files --stage -- /home/martin/Kawasaki.html [40ms]
2024-05-29 06:04:11.971 [info] > git show --textconv :Kawasaki.css [57ms]
2024-05-29 06:04:11.992 [info] > git ls-files --stage -- /home/martin/Kawasaki.css [26ms]
2024-05-29 06:10:11.844 [info] > git show --textconv :Kawasaki.html [43ms]
2024-05-29 06:10:11.859 [info] > git ls-files --stage -- /home/martin/Kawasaki.html [32ms]
2024-05-29 06:10:14.733 [info] > git show --textconv :Kawasaki.css [30ms]
2024-05-29 06:10:14.746 [info] > git ls-files --stage -- /home/martin/Kawasaki.css [18ms]
2024-05-29 06:23:03.825 [info] > git show --textconv :Kawasaki.html [38ms]
2024-05-29 06:23:03.837 [info] > git ls-files --stage -- /home/martin/Kawasaki.html [17ms]
2024-05-29 06:24:35.883 [info] > git show --textconv :Kawasaki.css [37ms]
2024-05-29 06:24:35.902 [info] > git ls-files --stage -- /home/martin/Kawasaki.css [23ms]
2024-05-29 06:26:03.336 [info] > git show --textconv :Kawasaki.html [36ms]
2024-05-29 06:26:03.352 [info] > git ls-files --stage -- /home/martin/Kawasaki.html [19ms]
2024-05-29 06:26:21.063 [info] > git show --textconv :Kawasaki.css [31ms]
2024-05-29 06:26:21.077 [info] > git ls-files --stage -- /home/martin/Kawasaki.css [17ms]
2024-05-29 06:33:16.533 [info] > git show --textconv :Kawasaki.html [45ms]
2024-05-29 06:33:16.557 [info] > git ls-files --stage -- /home/martin/Kawasaki.html [26ms]
